{"duration": 26.64376211166382, "hadrian-git-hash": "5276bf540756133a8b6506a293131929db801569", "gcc-version": "5.4.0", "timestamp": "Thu Apr 19 16:46:06 2018", "ghc-git-hash": "61f68f958c82b7f3ae8dea7fbe9437f2ea36dd6e", "exit-code": 0, "platform": "Linux-4.13.0-37-generic-x86_64-with-Ubuntu-16.04-xenial", "stage0-ghc-version": "8.2.2"}
{"gcc-version": "5.4.0", "platform": "Linux-4.13.0-37-generic-x86_64-with-Ubuntu-16.04-xenial", "hadrian-git-hash": "5276bf540756133a8b6506a293131929db801569", "stage0-ghc-version": "8.2.2", "ghc-git-hash": "61f68f958c82b7f3ae8dea7fbe9437f2ea36dd6e", "timestamp": "Thu Apr 19 23:36:59 2018", "duration": 23.1705641746521, "exit-code": 0}
{"timestamp": "2017-09-05T06:22:31.552624", "mode": "default", "duration": "5667.84193683", "exit-code": 1}
{"timestamp": "2017-09-16T15:53:31.455666", "mode": "validate", "duration": "4169.61654091", "exit-code": 0}
{"timestamp": "2017-09-26T15:50:42.831496", "mode": "validate", "duration": "4001.05181193", "exit-code": 0}
{"timestamp": "2017-09-05T06:22:31.552624", "mode": "default", "duration": "5667.84193683", "exit-code": 1}
{"timestamp": "2017-09-17T02:49:39.944241", "mode": "default", "duration": "3938.31988907", "exit-code": 1}
{"timestamp": "2017-09-26T15:50:42.831496", "mode": "validate", "duration": "4001.05181193", "exit-code": 0}
{"timestamp": "2017-09-05T14:42:48.124538", "mode": "default", "duration": "5713.89991307", "exit-code": 1}
{"timestamp": "2017-09-17T14:44:03.915591", "mode": "validate", "duration": "1.90453886986", "exit-code": 1}
{"timestamp": "2017-09-27T03:11:36.843898", "mode": "default", "duration": "5255.16672993", "exit-code": 0}
{"timestamp": "2017-09-05T14:42:48.124538", "mode": "default", "duration": "5713.89991307", "exit-code": 1}
{"timestamp": "2017-09-18T01:44:03.659534", "mode": "default", "duration": "1.79051113129", "exit-code": 1}
{"timestamp": "2017-09-27T03:11:36.843898", "mode": "default", "duration": "5255.16672993", "exit-code": 0}
{"timestamp": "2017-09-07T02:03:42.975374", "mode": "default", "duration": "1181.22805905", "exit-code": 1}
{"timestamp": "2017-09-18T15:53:11.579706", "mode": "validate", "duration": "4149.95169091", "exit-code": 0}
{"timestamp": "2017-09-27T15:51:00.590384", "mode": "validate", "duration": "4018.95566702", "exit-code": 0}
{"timestamp": "2017-09-07T02:03:42.975374", "mode": "default", "duration": "1181.22805905", "exit-code": 1}
{"timestamp": "2017-09-18T15:53:11.579706", "mode": "validate", "duration": "4149.95169091", "exit-code": 0}
{"timestamp": "2017-09-27T15:51:00.590384", "mode": "validate", "duration": "4018.95566702", "exit-code": 0}
{"timestamp": "2017-09-07T14:57:13.473430", "mode": "validate", "duration": "792.241482019", "exit-code": 1}
{"timestamp": "2017-09-19T03:17:38.903668", "mode": "default", "duration": "5617.69526196", "exit-code": 0}
{"timestamp": "2017-09-28T03:08:58.411300", "mode": "default", "duration": "5097.03987002", "exit-code": 0}
{"timestamp": "2017-09-07T14:57:13.473430", "mode": "validate", "duration": "792.241482019", "exit-code": 1}
{"timestamp": "2017-09-19T03:17:38.903668", "mode": "default", "duration": "5617.69526196", "exit-code": 0}
{"timestamp": "2017-09-28T03:08:58.411300", "mode": "default", "duration": "5097.03987002", "exit-code": 0}
{"timestamp": "2017-09-08T02:04:42.494312", "mode": "default", "duration": "1241.07142591", "exit-code": 1}
{"timestamp": "2017-09-19T15:54:36.519851", "mode": "validate", "duration": "4234.98143816", "exit-code": 0}
{"timestamp": "2017-09-28T15:50:43.978038", "mode": "validate", "duration": "4002.72538185", "exit-code": 0}
{"timestamp": "2017-09-08T02:04:42.494312", "mode": "default", "duration": "1241.07142591", "exit-code": 1}
{"timestamp": "2017-09-19T15:54:36.519851", "mode": "validate", "duration": "4234.98143816", "exit-code": 0}
{"timestamp": "2017-09-28T15:50:43.978038", "mode": "validate", "duration": "4002.72538185", "exit-code": 0}
{"timestamp": "2017-09-08T14:57:31.763883", "mode": "validate", "duration": "810.18939209", "exit-code": 1}
{"timestamp": "2017-09-20T01:58:58.400149", "mode": "default", "duration": "896.886522055", "exit-code": 1}
{"timestamp": "2017-09-30T03:09:22.117012", "mode": "default", "duration": "5120.48340487", "exit-code": 0}
{"timestamp": "2017-09-08T14:57:31.763883", "mode": "validate", "duration": "810.18939209", "exit-code": 1}
{"timestamp": "2017-09-20T01:58:58.400149", "mode": "default", "duration": "896.886522055", "exit-code": 1}
{"timestamp": "2017-09-30T03:09:22.117012", "mode": "default", "duration": "5120.48340487", "exit-code": 0}
{"timestamp": "2017-09-09T02:02:36.329093", "mode": "default", "duration": "1114.35970306", "exit-code": 1}
{"timestamp": "2017-09-20T14:54:27.818365", "mode": "validate", "duration": "626.492454052", "exit-code": 1}
{"timestamp": "2017-10-01T01:50:08.766738", "mode": "default", "duration": "367.133507967", "exit-code": 1}
{"timestamp": "2017-09-09T02:02:36.329093", "mode": "default", "duration": "1114.35970306", "exit-code": 1}
{"timestamp": "2017-09-20T14:54:27.818365", "mode": "validate", "duration": "626.492454052", "exit-code": 1}
{"timestamp": "2017-10-01T01:50:08.766738", "mode": "default", "duration": "367.133507967", "exit-code": 1}
{"timestamp": "2017-09-09T14:49:19.550421", "mode": "validate", "duration": "318.071105003", "exit-code": 1}
{"timestamp": "2017-09-21T03:16:05.201298", "mode": "default", "duration": "5523.43846703", "exit-code": 0}
{"timestamp": "2017-10-02T01:49:06.666562", "mode": "default", "duration": "305.147790909", "exit-code": 1}
{"timestamp": "2017-09-09T14:49:19.550421", "mode": "validate", "duration": "318.071105003", "exit-code": 1}
{"timestamp": "2017-09-21T03:16:05.201298", "mode": "default", "duration": "5523.43846703", "exit-code": 0}
{"timestamp": "2017-10-02T01:49:06.666562", "mode": "default", "duration": "305.147790909", "exit-code": 1}
{"timestamp": "2017-09-10T01:50:15.563290", "mode": "default", "duration": "373.760181189", "exit-code": 1}
{"timestamp": "2017-09-21T15:06:13.360524", "mode": "validate", "duration": "1332.30518103", "exit-code": 1}
{"timestamp": "2017-10-03T01:49:19.891703", "mode": "default", "duration": "318.396346092", "exit-code": 1}
{"timestamp": "2017-09-10T01:50:15.563290", "mode": "default", "duration": "373.760181189", "exit-code": 1}
{"timestamp": "2017-09-21T15:06:13.360524", "mode": "validate", "duration": "1332.30518103", "exit-code": 1}
{"timestamp": "2017-10-03T01:49:19.891703", "mode": "default", "duration": "318.396346092", "exit-code": 1}
{"timestamp": "2017-09-10T14:49:17.486088", "mode": "validate", "duration": "316.071421146", "exit-code": 1}
{"timestamp": "2017-09-22T02:12:58.821784", "mode": "default", "duration": "1737.42325687", "exit-code": 1}
{"timestamp": "2017-10-05T01:49:07.974137", "mode": "default", "duration": "306.044107914", "exit-code": 1}
{"timestamp": "2017-09-10T14:49:17.486088", "mode": "validate", "duration": "316.071421146", "exit-code": 1}
{"timestamp": "2017-09-22T02:12:58.821784", "mode": "default", "duration": "1737.42325687", "exit-code": 1}
{"timestamp": "2017-10-05T01:49:07.974137", "mode": "default", "duration": "306.044107914", "exit-code": 1}
{"timestamp": "2017-09-11T01:49:14.477193", "mode": "default", "duration": "313.035476923", "exit-code": 1}
{"timestamp": "2017-09-22T14:44:33.046677", "mode": "validate", "duration": "31.1477649212", "exit-code": 1}
{"timestamp": "2017-10-06T03:09:31.049110", "mode": "default", "duration": "5129.41141796", "exit-code": 0}
{"timestamp": "2017-09-11T01:49:14.477193", "mode": "default", "duration": "313.035476923", "exit-code": 1}
{"timestamp": "2017-09-22T14:44:33.046677", "mode": "validate", "duration": "31.1477649212", "exit-code": 1}
{"timestamp": "2017-10-06T03:09:31.049110", "mode": "default", "duration": "5129.41141796", "exit-code": 0}
{"timestamp": "2017-09-11T16:00:56.375521", "mode": "validate", "duration": "4615.15383101", "exit-code": 0}
{"timestamp": "2017-09-23T02:14:51.354746", "mode": "default", "duration": "1849.597996", "exit-code": 1}
{"timestamp": "2017-10-07T03:08:56.589097", "mode": "default", "duration": "5095.4572618", "exit-code": 0}
{"timestamp": "2017-09-11T16:00:56.375521", "mode": "validate", "duration": "4615.15383101", "exit-code": 0}
{"timestamp": "2017-09-23T02:14:51.354746", "mode": "default", "duration": "1849.597996", "exit-code": 1}
{"timestamp": "2017-10-07T03:08:56.589097", "mode": "default", "duration": "5095.4572618", "exit-code": 0}
{"timestamp": "2017-09-12T03:15:49.653096", "mode": "default", "duration": "5508.50878906", "exit-code": 0}
{"timestamp": "2017-09-23T15:49:11.531644", "mode": "validate", "duration": "3910.18472195", "exit-code": 0}
{"timestamp": "2017-10-08T03:08:50.734313", "mode": "default", "duration": "5089.63222289", "exit-code": 1}
{"timestamp": "2017-09-12T03:15:49.653096", "mode": "default", "duration": "5508.50878906", "exit-code": 0}
{"timestamp": "2017-09-23T15:49:11.531644", "mode": "validate", "duration": "3910.18472195", "exit-code": 0}
{"timestamp": "2017-10-09T01:51:03.398542", "mode": "default", "duration": "421.79638195", "exit-code": 1}
{"timestamp": "2017-09-12T15:57:00.189588", "mode": "validate", "duration": "4379.05130696", "exit-code": 0}
{"timestamp": "2017-09-24T02:14:56.485699", "mode": "default", "duration": "1855.04967999", "exit-code": 1}
{"timestamp": "2017-10-09T01:51:03.398542", "mode": "default", "duration": "421.79638195", "exit-code": 1}
{"timestamp": "2017-09-12T15:57:00.189588", "mode": "validate", "duration": "4379.05130696", "exit-code": 0}
{"timestamp": "2017-09-24T02:14:56.485699", "mode": "default", "duration": "1855.04967999", "exit-code": 1}
{"timestamp": "2017-10-12T03:01:58.770958", "mode": "default", "duration": "4677.28705621", "exit-code": 0}
{"timestamp": "2017-09-13T03:17:55.577861", "mode": "default", "duration": "5634.29846311", "exit-code": 1}
{"timestamp": "2017-09-24T15:48:47.529737", "mode": "validate", "duration": "3886.35661602", "exit-code": 0}
{"timestamp": "2017-10-12T03:01:58.770958", "mode": "default", "duration": "4677.28705621", "exit-code": 0}
{"timestamp": "2017-09-15T03:17:08.917049", "mode": "default", "duration": "5587.48699999", "exit-code": 0}
{"timestamp": "2017-09-24T15:48:47.529737", "mode": "validate", "duration": "3886.35661602", "exit-code": 0}
{"timestamp": "2017-10-13T01:48:39.559999", "mode": "default", "duration": "278.483672857", "exit-code": 1}
{"timestamp": "2017-09-15T03:17:08.917049", "mode": "default", "duration": "5587.48699999", "exit-code": 0}
{"timestamp": "2017-09-25T03:09:30.211562", "mode": "default", "duration": "5128.76389503", "exit-code": 0}
{"timestamp": "2017-10-13T01:48:39.559999", "mode": "default", "duration": "278.483672857", "exit-code": 1}
{"timestamp": "2017-09-15T15:53:59.524504", "mode": "validate", "duration": "4198.45822501", "exit-code": 0}
{"timestamp": "2017-09-25T03:09:30.211562", "mode": "default", "duration": "5128.76389503", "exit-code": 0}
{"timestamp": "2017-10-15T01:49:05.582125", "mode": "default", "duration": "303.58572793", "exit-code": 1}
{"timestamp": "2017-09-15T15:53:59.524504", "mode": "validate", "duration": "4198.45822501", "exit-code": 0}
{"timestamp": "2017-09-25T15:50:04.401275", "mode": "validate", "duration": "3962.55865288", "exit-code": 0}
{"timestamp": "2017-10-15T01:49:05.582125", "mode": "default", "duration": "303.58572793", "exit-code": 1}
{"timestamp": "2017-09-16T03:16:58.215251", "mode": "default", "duration": "5576.570158", "exit-code": 0}
{"timestamp": "2017-09-25T15:50:04.401275", "mode": "validate", "duration": "3962.55865288", "exit-code": 0}
{"timestamp": "2017-09-16T03:16:58.215251", "mode": "default", "duration": "5576.570158", "exit-code": 0}
{"timestamp": "2017-09-26T02:08:47.376550", "mode": "default", "duration": "1485.46707606", "exit-code": 1}
{"timestamp": "2017-09-16T15:53:31.455666", "mode": "validate", "duration": "4169.61654091", "exit-code": 0}
{"timestamp": "2017-09-26T02:08:47.376550", "mode": "default", "duration": "1485.46707606", "exit-code": 1}
{"hadrian-git-hash": "64da39cc9f955d7c1492ab39927a8e0849b23f00", "flavour": "quickest", "clean": true, "duration": 126.33984017372131, "platform": "Linux-4.13.0-38-generic-x86_64-with-Ubuntu-16.04-xenial", "timestamp": "Tue Apr 24 14:52:27 2018", "exit-code": 1, "ghc-git-hash": "5c9bc0771f426de2b99d6bb3a0f1d2eeaa91c710", "gcc-version": "5.4.0", "stage0-ghc-version": "8.2.2"}
{"ghc-git-hash": "5c9bc0771f426de2b99d6bb3a0f1d2eeaa91c710", "hadrian-git-hash": "64da39cc9f955d7c1492ab39927a8e0849b23f00", "gcc-version": "5.4.0", "clean": true, "duration": 13.175835371017456, "exit-code": 1, "stage0-ghc-version": "8.2.2", "timestamp": "Tue Apr 24 15:23:21 2018", "platform": "Linux-4.13.0-38-generic-x86_64-with-Ubuntu-16.04-xenial", "flavour": "quickest"}
{"platform": "Linux-4.13.0-38-generic-x86_64-with-Ubuntu-16.04-xenial", "clean": true, "stage0-ghc-version": "8.2.2", "gcc-version": "5.4.0", "hadrian-git-hash": "64da39cc9f955d7c1492ab39927a8e0849b23f00", "ghc-git-hash": "5c9bc0771f426de2b99d6bb3a0f1d2eeaa91c710", "flavour": "quickest", "exit-code": 1, "timestamp": "Tue Apr 24 16:30:27 2018", "duration": 14.036271572113037}
{"exit-code": 0, "duration": 1701.4079658985138, "flavour": "quickest", "timestamp": "Tue Apr 24 20:51:08 2018", "ghc-git-hash": "5c9bc0771f426de2b99d6bb3a0f1d2eeaa91c710", "gcc-version": "5.4.0", "platform": "Linux-4.13.0-38-generic-x86_64-with-Ubuntu-16.04-xenial", "stage0-ghc-version": "8.2.2", "hadrian-git-hash": "64da39cc9f955d7c1492ab39927a8e0849b23f00", "clean": true}
{"clean": true, "platform": "Linux-4.13.0-38-generic-x86_64-with-Ubuntu-16.04-xenial", "hadrian-git-hash": "64da39cc9f955d7c1492ab39927a8e0849b23f00", "flavour": "default", "duration": 3725.161458015442, "exit-code": 0, "ghc-git-hash": "5c9bc0771f426de2b99d6bb3a0f1d2eeaa91c710", "gcc-version": "5.4.0", "timestamp": "Tue Apr 24 22:47:12 2018", "stage0-ghc-version": "8.2.2"}
{"flavour": "quick", "exit-code": 1, "stage0-ghc-version": "8.2.2", "ghc-git-hash": "5c9bc0771f426de2b99d6bb3a0f1d2eeaa91c710", "duration": 123.02147698402405, "timestamp": "Wed Apr 25 12:46:21 2018", "platform": "Linux-4.13.0-38-generic-x86_64-with-Ubuntu-16.04-xenial", "clean": false, "gcc-version": "5.4.0", "hadrian-git-hash": "64da39cc9f955d7c1492ab39927a8e0849b23f00"}
{"exit-code": 0, "timestamp": "Sat Apr 28 01:57:12 2018", "flavour": "quickest-cross", "duration": 2550.3626589775085, "stage0-ghc-version": "8.2.2", "ghc-git-hash": "054d51a728697c4165bd9c5be32d0b97fb1dd40c", "clean": true, "hadrian-git-hash": "7c045215719b151a154f14e9eb6f8416419203af", "gcc-version": "5.4.0", "integer": "simple", "platform": "Linux-4.13.0-38-generic-x86_64-with-Ubuntu-16.04-xenial"}
{"timestamp": "Fri May  4 10:17:49 2018", "gcc-version": "5.4.0", "integer": "gmp", "hadrian-git-hash": "d8190ba0a22ba6d0efbacf64e0186511fdb0fd34", "platform": "Linux-4.13.0-38-generic-x86_64-with-Ubuntu-16.04-xenial", "duration": 3710.932376384735, "ghc-git-hash": "599cb4e052ae1f3ce2a0910fe8f63d78bb84bf83", "clean": true, "flavour": "quick", "exit-code": 0, "stage0-ghc-version": "8.2.2"}
{"platform": "Darwin-17.5.0-x86_64-i386-64bit", "stage0-ghc-version": "8.2.2", "gcc-version": "clang-5.0.0", "ghc-git-hash": "33de71fa06d03e6da396a7c0a314fea3b492ab91", "hadrian-git-hash": "d8190ba0a22ba6d0efbacf64e0186511fdb0fd34", "timestamp": "Mon May  7 10:12:50 2018", "duration": 1.6564018726348877, "exit-code": 1, "clean": true, "flavour": "quickest", "integer": "simple"}
{"platform": "Darwin-17.5.0-x86_64-i386-64bit", "stage0-ghc-version": "8.2.2", "gcc-version": "clang-5.0.0", "ghc-git-hash": "33de71fa06d03e6da396a7c0a314fea3b492ab91", "hadrian-git-hash": "d8190ba0a22ba6d0efbacf64e0186511fdb0fd34", "timestamp": "Mon May  7 10:15:28 2018", "duration": 1.547368049621582, "exit-code": 1, "clean": true, "flavour": "quickest", "integer": "simple"}
{"platform": "Darwin-17.5.0-x86_64-i386-64bit", "stage0-ghc-version": "8.2.2", "gcc-version": "clang-5.0.0", "ghc-git-hash": "33de71fa06d03e6da396a7c0a314fea3b492ab91", "hadrian-git-hash": "d8190ba0a22ba6d0efbacf64e0186511fdb0fd34", "timestamp": "Mon May  7 10:44:40 2018", "duration": 1694.268858909607, "exit-code": 0, "clean": true, "flavour": "quickest", "integer": "simple"}
